2025-04-27 16:22:29,087 - meganium_analysis - INFO - Iniciando análise de vendas Meganium Games
2025-04-27 16:22:29,087 - meganium_analysis - INFO - Carregando dados do arquivo CSV...
2025-04-27 16:22:29,093 - meganium_analysis - INFO - Convertendo dados de data...
2025-04-27 16:22:29,099 - meganium_analysis - INFO - Dados carregados com sucesso. Total de registros: 50
2025-04-27 16:22:29,100 - meganium_analysis - INFO - Gerando insights dos dados...
2025-04-27 16:22:29,107 - meganium_analysis - INFO - Insights gerados com sucesso
2025-04-27 16:22:29,107 - meganium_analysis - INFO - Criando visualizações...
2025-04-27 16:22:30,703 - meganium_analysis - INFO - Visualizações criadas com sucesso
2025-04-27 16:22:30,704 - meganium_analysis - INFO - Gerando relatório PDF...
2025-04-27 16:22:31,928 - meganium_analysis - INFO - Relatório PDF gerado com sucesso: Meganium_Sales_Report.pdf
2025-04-27 16:22:31,928 - meganium_analysis - INFO - Análise concluída com sucesso. Relatório disponível em: Meganium_Sales_Report.pdf
2025-04-27 16:24:50,349 - meganium_analysis - INFO - Iniciando análise de vendas Meganium Games
2025-04-27 16:24:50,349 - meganium_analysis - INFO - Carregando dados do arquivo CSV...
2025-04-27 16:24:50,352 - meganium_analysis - INFO - Convertendo dados de data...
2025-04-27 16:24:50,357 - meganium_analysis - INFO - Dados carregados com sucesso. Total de registros: 50
2025-04-27 16:24:50,357 - meganium_analysis - INFO - Gerando insights dos dados...
2025-04-27 16:24:50,360 - meganium_analysis - INFO - Insights gerados com sucesso
2025-04-27 16:24:50,360 - meganium_analysis - INFO - Criando visualizações...
2025-04-27 16:24:51,731 - meganium_analysis - INFO - Visualizações criadas com sucesso
2025-04-27 16:24:51,732 - meganium_analysis - INFO - Gerando relatório PDF...
2025-04-27 16:24:53,054 - meganium_analysis - INFO - Relatório PDF gerado com sucesso: Meganium_Sales_Report.pdf
2025-04-27 16:24:53,054 - meganium_analysis - INFO - Análise concluída com sucesso. Relatório disponível em: Meganium_Sales_Report.pdf
2025-04-27 16:32:30,899 - meganium_analysis - INFO - Iniciando análise de vendas Meganium Games
2025-04-27 16:32:30,900 - meganium_analysis - INFO - Carregando dados do arquivo CSV...
2025-04-27 16:32:30,903 - meganium_analysis - INFO - Convertendo dados de data...
2025-04-27 16:32:30,907 - meganium_analysis - INFO - Dados carregados com sucesso. Total de registros: 50
2025-04-27 16:32:30,907 - meganium_analysis - INFO - Gerando insights dos dados...
2025-04-27 16:32:30,910 - meganium_analysis - INFO - Insights gerados com sucesso
2025-04-27 16:32:30,910 - meganium_analysis - INFO - Criando visualizações...
2025-04-27 16:32:32,264 - meganium_analysis - INFO - Visualizações criadas com sucesso
2025-04-27 16:32:32,264 - meganium_analysis - INFO - Gerando relatório PDF...
2025-04-27 16:32:33,570 - meganium_analysis - INFO - Relatório PDF gerado com sucesso: Meganium_Sales_Report.pdf
2025-04-27 16:32:33,570 - meganium_analysis - INFO - Análise concluída com sucesso. Relatório disponível em: Meganium_Sales_Report.pdf
